Release 14.7 - ngc2edif P.20131013 (nt)
Copyright (c) 1995-2013 Xilinx, Inc.  All rights reserved.
Reading design Lab6Exp7.ngc ...
WARNING:NetListWriters:298 - No output is written to Lab6Exp7.xncf, ignored.
Processing design ...
   Preping design's networks ...
   Preping design's macros ...
  finished :Prep
Writing EDIF netlist file Lab6Exp7.edif ...
ngc2edif: Total memory usage is 77388 kilobytes

Release 14.7 - ngc2edif P.20131013 (nt)
Copyright (c) 1995-2013 Xilinx, Inc.  All rights reserved.
Reading design Lab6Exp7.ngc ...
WARNING:NetListWriters:298 - No output is written to Lab6Exp7.xncf, ignored.
Processing design ...
   Preping design's networks ...
   Preping design's macros ...
  finished :Prep
Writing EDIF netlist file Lab6Exp7.edif ...
ngc2edif: Total memory usage is 77252 kilobytes

Release 14.7 - ngc2edif P.20131013 (nt)
Copyright (c) 1995-2013 Xilinx, Inc.  All rights reserved.
Reading design FA4b.ngc ...
WARNING:NetListWriters:298 - No output is written to FA4b.xncf, ignored.
Processing design ...
   Preping design's networks ...
   Preping design's macros ...
  finished :Prep
Writing EDIF netlist file FA4b.edif ...
ngc2edif: Total memory usage is 77124 kilobytes

Release 14.7 - ngc2edif P.20131013 (nt)
Copyright (c) 1995-2013 Xilinx, Inc.  All rights reserved.
Reading design FA4b.ngc ...
WARNING:NetListWriters:298 - No output is written to FA4b.xncf, ignored.
Processing design ...
   Preping design's networks ...
   Preping design's macros ...
  finished :Prep
Writing EDIF netlist file FA4b.edif ...
ngc2edif: Total memory usage is 77252 kilobytes

Release 14.7 - ngc2edif P.20131013 (nt)
Copyright (c) 1995-2013 Xilinx, Inc.  All rights reserved.
Reading design FA4b.ngc ...
WARNING:NetListWriters:298 - No output is written to FA4b.xncf, ignored.
Processing design ...
   Preping design's networks ...
   Preping design's macros ...
  finished :Prep
Writing EDIF netlist file FA4b.edif ...
ngc2edif: Total memory usage is 77252 kilobytes

Release 14.7 - ngc2edif P.20131013 (nt)
Copyright (c) 1995-2013 Xilinx, Inc.  All rights reserved.
Reading design FA4b.ngc ...
WARNING:NetListWriters:298 - No output is written to FA4b.xncf, ignored.
Processing design ...
   Preping design's networks ...
   Preping design's macros ...
  finished :Prep
Writing EDIF netlist file FA4b.edif ...
ngc2edif: Total memory usage is 76804 kilobytes

Release 14.7 - ngc2edif P.20131013 (nt)
Copyright (c) 1995-2013 Xilinx, Inc.  All rights reserved.
Reading design GrayToBinaryModule.ngc ...
WARNING:NetListWriters:298 - No output is written to GrayToBinaryModule.xncf,
   ignored.
Processing design ...
   Preping design's networks ...
   Preping design's macros ...
  finished :Prep
Writing EDIF netlist file GrayToBinaryModule.edif ...
ngc2edif: Total memory usage is 76932 kilobytes

Release 14.7 - ngc2edif P.20131013 (nt)
Copyright (c) 1995-2013 Xilinx, Inc.  All rights reserved.
Reading design GrayToBinaryModule.ngc ...
WARNING:NetListWriters:298 - No output is written to GrayToBinaryModule.xncf,
   ignored.
Processing design ...
   Preping design's networks ...
   Preping design's macros ...
  finished :Prep
Writing EDIF netlist file GrayToBinaryModule.edif ...
ngc2edif: Total memory usage is 76740 kilobytes

Release 14.7 - ngc2edif P.20131013 (nt)
Copyright (c) 1995-2013 Xilinx, Inc.  All rights reserved.
Reading design Lab6Exp7.ngc ...
WARNING:NetListWriters:298 - No output is written to Lab6Exp7.xncf, ignored.
Processing design ...
   Preping design's networks ...
   Preping design's macros ...
  finished :Prep
Writing EDIF netlist file Lab6Exp7.edif ...
ngc2edif: Total memory usage is 76612 kilobytes

