Release 14.7 - ngc2edif P.20131013 (nt)
Copyright (c) 1995-2013 Xilinx, Inc.  All rights reserved.
Reading design Lab5Exp4.ngc ...
WARNING:NetListWriters:298 - No output is written to Lab5Exp4.xncf, ignored.
Processing design ...
   Preping design's networks ...
   Preping design's macros ...
  finished :Prep
Writing EDIF netlist file Lab5Exp4.edif ...
ngc2edif: Total memory usage is 75828 kilobytes

Release 14.7 - ngc2edif P.20131013 (nt)
Copyright (c) 1995-2013 Xilinx, Inc.  All rights reserved.
Reading design Lab5Exp4.ngc ...
WARNING:NetListWriters:298 - No output is written to Lab5Exp4.xncf, ignored.
Processing design ...
   Preping design's networks ...
   Preping design's macros ...
  finished :Prep
Writing EDIF netlist file Lab5Exp4.edif ...
ngc2edif: Total memory usage is 76724 kilobytes

Release 14.7 - ngc2edif P.20131013 (nt)
Copyright (c) 1995-2013 Xilinx, Inc.  All rights reserved.
Reading design Lab5Exp4.ngc ...
WARNING:NetListWriters:298 - No output is written to Lab5Exp4.xncf, ignored.
Processing design ...
   Preping design's networks ...
   Preping design's macros ...
  finished :Prep
Writing EDIF netlist file Lab5Exp4.edif ...
ngc2edif: Total memory usage is 76852 kilobytes

Release 14.7 - ngc2edif P.20131013 (nt)
Copyright (c) 1995-2013 Xilinx, Inc.  All rights reserved.
Reading design Lab5Exp4.ngc ...
WARNING:NetListWriters:298 - No output is written to Lab5Exp4.xncf, ignored.
Processing design ...
   Preping design's networks ...
   Preping design's macros ...
  finished :Prep
Writing EDIF netlist file Lab5Exp4.edif ...
ngc2edif: Total memory usage is 76532 kilobytes

Release 14.7 - ngc2edif P.20131013 (nt)
Copyright (c) 1995-2013 Xilinx, Inc.  All rights reserved.
Reading design Lab5Exp4.ngc ...
WARNING:NetListWriters:298 - No output is written to Lab5Exp4.xncf, ignored.
Processing design ...
   Preping design's networks ...
   Preping design's macros ...
  finished :Prep
Writing EDIF netlist file Lab5Exp4.edif ...
ngc2edif: Total memory usage is 76404 kilobytes

