Release 14.7 - ngc2edif P.20131013 (nt)
Copyright (c) 1995-2013 Xilinx, Inc.  All rights reserved.
Reading design Lab5Exp3.ngc ...
WARNING:NetListWriters:298 - No output is written to Lab5Exp3.xncf, ignored.
Processing design ...
   Preping design's networks ...
   Preping design's macros ...
  finished :Prep
Writing EDIF netlist file Lab5Exp3.edif ...
ngc2edif: Total memory usage is 76724 kilobytes

Release 14.7 - ngc2edif P.20131013 (nt)
Copyright (c) 1995-2013 Xilinx, Inc.  All rights reserved.
Reading design Lab5Exp3.ngc ...
WARNING:NetListWriters:298 - No output is written to Lab5Exp3.xncf, ignored.
Processing design ...
   Preping design's networks ...
   Preping design's macros ...
  finished :Prep
Writing EDIF netlist file Lab5Exp3.edif ...
ngc2edif: Total memory usage is 75956 kilobytes

Release 14.7 - ngc2edif P.20131013 (nt)
Copyright (c) 1995-2013 Xilinx, Inc.  All rights reserved.
Reading design Lab5Exp3.ngc ...
WARNING:NetListWriters:298 - No output is written to Lab5Exp3.xncf, ignored.
Processing design ...
   Preping design's networks ...
   Preping design's macros ...
  finished :Prep
Writing EDIF netlist file Lab5Exp3.edif ...
ngc2edif: Total memory usage is 76276 kilobytes

Release 14.7 - ngc2edif P.20131013 (nt)
Copyright (c) 1995-2013 Xilinx, Inc.  All rights reserved.
Reading design Lab5Exp3.ngc ...
WARNING:NetListWriters:298 - No output is written to Lab5Exp3.xncf, ignored.
Processing design ...
   Preping design's networks ...
   Preping design's macros ...
  finished :Prep
Writing EDIF netlist file Lab5Exp3.edif ...
ngc2edif: Total memory usage is 76020 kilobytes

Release 14.7 - ngc2edif P.20131013 (nt)
Copyright (c) 1995-2013 Xilinx, Inc.  All rights reserved.
Reading design Lab5Exp3.ngc ...
WARNING:NetListWriters:298 - No output is written to Lab5Exp3.xncf, ignored.
Processing design ...
   Preping design's networks ...
   Preping design's macros ...
  finished :Prep
Writing EDIF netlist file Lab5Exp3.edif ...
ngc2edif: Total memory usage is 75892 kilobytes

Release 14.7 - ngc2edif P.20131013 (nt)
Copyright (c) 1995-2013 Xilinx, Inc.  All rights reserved.
Reading design Lab5Exp3.ngc ...
WARNING:NetListWriters:298 - No output is written to Lab5Exp3.xncf, ignored.
Processing design ...
   Preping design's networks ...
   Preping design's macros ...
  finished :Prep
Writing EDIF netlist file Lab5Exp3.edif ...
ngc2edif: Total memory usage is 75764 kilobytes

Release 14.7 - ngc2edif P.20131013 (nt)
Copyright (c) 1995-2013 Xilinx, Inc.  All rights reserved.
Reading design Lab5Exp3.ngc ...
WARNING:NetListWriters:298 - No output is written to Lab5Exp3.xncf, ignored.
Processing design ...
   Preping design's networks ...
   Preping design's macros ...
  finished :Prep
Writing EDIF netlist file Lab5Exp3.edif ...
ngc2edif: Total memory usage is 76340 kilobytes

